-------------------------------------------------------------------------------
Test set: com.rmit.sept.bk_loginservices.dao.UserDAOTests
-------------------------------------------------------------------------------
Tests run: 1, Failures: 0, Errors: 1, Skipped: 0, Time elapsed: 2.442 s <<< FAILURE! - in com.rmit.sept.bk_loginservices.dao.UserDAOTests
createsData  Time elapsed: 0.001 s  <<< ERROR!
java.lang.IllegalStateException: Failed to load ApplicationContext
Caused by: org.springframework.beans.factory.BeanDefinitionStoreException: Failed to parse configuration class [com.rmit.sept.bk_loginservices.ms_login]; nested exception is org.springframework.context.annotation.ConflictingBeanDefinitionException: Annotation-specified bean name 'userController' for bean class [com.rmit.sept.bk_loginservices.web.UserController] conflicts with existing, non-compatible bean definition of same name and class [com.rmit.sept.bk_loginservices.controller.UserController]
Caused by: org.springframework.context.annotation.ConflictingBeanDefinitionException: Annotation-specified bean name 'userController' for bean class [com.rmit.sept.bk_loginservices.web.UserController] conflicts with existing, non-compatible bean definition of same name and class [com.rmit.sept.bk_loginservices.controller.UserController]

