<?xml version="1.0" encoding="UTF-8"?>
<testsuite xmlns:xsi="http://www.w3.org/2001/XMLSchema-instance" xsi:noNamespaceSchemaLocation="https://maven.apache.org/surefire/maven-surefire-plugin/xsd/surefire-test-report.xsd" name="com.rmit.sept.bk_loginservices.Controllers.EditUserControllerTest" time="27.372" tests="6" errors="0" skipped="0" failures="4">
  <properties>
[...]
</properties>
  <testcase name="testEditUserUsernameTaken" classname="com.rmit.sept.bk_loginservices.Controllers.EditUserControllerTest" time="0.317">
    <failure message="expected: &lt;202&gt; but was: &lt;409&gt;" type="org.opentest4j.AssertionFailedError"><![CDATA[org.opentest4j.AssertionFailedError: expected: <202> but was: <409>
	at com.rmit.sept.bk_loginservices.Controllers.EditUserControllerTest.testEditUserUsernameTaken(EditUserControllerTest.java:112)
]]></failure>
    <system-out><![CDATA[19:36:54.252 [main] DEBUG org.springframework.test.context.BootstrapUtils - Instantiating CacheAwareContextLoaderDelegate from class [org.springframework.test.context.cache.DefaultCacheAwareContextLoaderDelegate]
19:36:54.276 [main] DEBUG org.springframework.test.context.BootstrapUtils - Instantiating BootstrapContext using constructor [public org.springframework.test.context.support.DefaultBootstrapContext(java.lang.Class,org.springframework.test.context.CacheAwareContextLoaderDelegate)]
19:36:54.355 [main] DEBUG org.springframework.test.context.BootstrapUtils - Instantiating TestContextBootstrapper for test class [com.rmit.sept.bk_loginservices.Controllers.EditUserControllerTest] from class [org.springframework.boot.test.context.SpringBootTestContextBootstrapper]
19:36:54.405 [main] INFO org.springframework.boot.test.context.SpringBootTestContextBootstrapper - Neither @ContextConfiguration nor @ContextHierarchy found for test class [com.rmit.sept.bk_loginservices.Controllers.EditUserControllerTest], using SpringBootContextLoader
19:36:54.419 [main] DEBUG org.springframework.test.context.support.AbstractContextLoader - Did not detect default resource location for test class [com.rmit.sept.bk_loginservices.Controllers.EditUserControllerTest]: class path resource [com/rmit/sept/bk_loginservices/Controllers/EditUserControllerTest-context.xml] does not exist
19:36:54.419 [main] DEBUG org.springframework.test.context.support.AbstractContextLoader - Did not detect default resource location for test class [com.rmit.sept.bk_loginservices.Controllers.EditUserControllerTest]: class path resource [com/rmit/sept/bk_loginservices/Controllers/EditUserControllerTestContext.groovy] does not exist
19:36:54.420 [main] INFO org.springframework.test.context.support.AbstractContextLoader - Could not detect default resource locations for test class [com.rmit.sept.bk_loginservices.Controllers.EditUserControllerTest]: no resource found for suffixes {-context.xml, Context.groovy}.
19:36:54.421 [main] INFO org.springframework.test.context.support.AnnotationConfigContextLoaderUtils - Could not detect default configuration classes for test class [com.rmit.sept.bk_loginservices.Controllers.EditUserControllerTest]: EditUserControllerTest does not declare any static, non-private, non-final, nested classes annotated with @Configuration.
19:36:54.649 [main] DEBUG org.springframework.context.annotation.ClassPathScanningCandidateComponentProvider - Identified candidate component class: file [C:\Users\shann.DESKTOP-9P41NT8\Documents\sept\test\SEPT\BackEnd\loginmicroservices\target\classes\com\rmit\sept\bk_loginservices\ms_login.class]
19:36:54.650 [main] INFO org.springframework.boot.test.context.SpringBootTestContextBootstrapper - Found @SpringBootConfiguration com.rmit.sept.bk_loginservices.ms_login for test class com.rmit.sept.bk_loginservices.Controllers.EditUserControllerTest
19:36:54.808 [main] DEBUG org.springframework.boot.test.context.SpringBootTestContextBootstrapper - @TestExecutionListeners is not present for class [com.rmit.sept.bk_loginservices.Controllers.EditUserControllerTest]: using defaults.
19:36:54.810 [main] INFO org.springframework.boot.test.context.SpringBootTestContextBootstrapper - Loaded default TestExecutionListener class names from location [META-INF/spring.factories]: [org.springframework.boot.test.mock.mockito.MockitoTestExecutionListener, org.springframework.boot.test.mock.mockito.ResetMocksTestExecutionListener, org.springframework.boot.test.autoconfigure.restdocs.RestDocsTestExecutionListener, org.springframework.boot.test.autoconfigure.web.client.MockRestServiceServerResetTestExecutionListener, org.springframework.boot.test.autoconfigure.web.servlet.MockMvcPrintOnlyOnFailureTestExecutionListener, org.springframework.boot.test.autoconfigure.web.servlet.WebDriverTestExecutionListener, org.springframework.boot.test.autoconfigure.webservices.client.MockWebServiceServerTestExecutionListener, org.springframework.test.context.web.ServletTestExecutionListener, org.springframework.test.context.support.DirtiesContextBeforeModesTestExecutionListener, org.springframework.test.context.support.DependencyInjectionTestExecutionListener, org.springframework.test.context.support.DirtiesContextTestExecutionListener, org.springframework.test.context.transaction.TransactionalTestExecutionListener, org.springframework.test.context.jdbc.SqlScriptsTestExecutionListener, org.springframework.test.context.event.EventPublishingTestExecutionListener]
19:36:54.839 [main] INFO org.springframework.boot.test.context.SpringBootTestContextBootstrapper - Using TestExecutionListeners: [org.springframework.test.context.web.ServletTestExecutionListener@38089a5a, org.springframework.test.context.support.DirtiesContextBeforeModesTestExecutionListener@30e868be, org.springframework.boot.test.mock.mockito.MockitoTestExecutionListener@66c92293, org.springframework.boot.test.autoconfigure.SpringBootDependencyInjectionTestExecutionListener@332796d3, org.springframework.test.context.support.DirtiesContextTestExecutionListener@4f0100a7, org.springframework.test.context.transaction.TransactionalTestExecutionListener@3cdf2c61, org.springframework.test.context.jdbc.SqlScriptsTestExecutionListener@13ad5cd3, org.springframework.test.context.event.EventPublishingTestExecutionListener@1c33c17b, org.springframework.boot.test.mock.mockito.ResetMocksTestExecutionListener@5bf0fe62, org.springframework.boot.test.autoconfigure.restdocs.RestDocsTestExecutionListener@1e097d59, org.springframework.boot.test.autoconfigure.web.client.MockRestServiceServerResetTestExecutionListener@673be18f, org.springframework.boot.test.autoconfigure.web.servlet.MockMvcPrintOnlyOnFailureTestExecutionListener@6581dc0a, org.springframework.boot.test.autoconfigure.web.servlet.WebDriverTestExecutionListener@39de3d36, org.springframework.boot.test.autoconfigure.webservices.client.MockWebServiceServerTestExecutionListener@6ce86ce1]
19:36:54.848 [main] DEBUG org.springframework.test.context.support.AbstractDirtiesContextTestExecutionListener - Before test class: context [DefaultTestContext@2c4d1ac testClass = EditUserControllerTest, testInstance = [null], testMethod = [null], testException = [null], mergedContextConfiguration = [WebMergedContextConfiguration@7f0d96f2 testClass = EditUserControllerTest, locations = '{}', classes = '{class com.rmit.sept.bk_loginservices.ms_login}', contextInitializerClasses = '[]', activeProfiles = '{test}', propertySourceLocations = '{}', propertySourceProperties = '{org.springframework.boot.test.context.SpringBootTestContextBootstrapper=true}', contextCustomizers = set[org.springframework.boot.test.context.filter.ExcludeFilterContextCustomizer@5d0a1059, org.springframework.boot.test.json.DuplicateJsonObjectContextCustomizerFactory$DuplicateJsonObjectContextCustomizer@54bff557, org.springframework.boot.test.mock.mockito.MockitoContextCustomizer@9fd0ecec, org.springframework.boot.test.web.client.TestRestTemplateContextCustomizer@4659191b, org.springframework.boot.test.autoconfigure.properties.PropertyMappingContextCustomizer@0, org.springframework.boot.test.autoconfigure.web.servlet.WebDriverContextCustomizerFactory$Customizer@51c668e3, org.springframework.boot.test.context.SpringBootTestArgs@1], resourceBasePath = 'src/main/webapp', contextLoader = 'org.springframework.boot.test.context.SpringBootContextLoader', parent = [null]], attributes = map['org.springframework.test.context.web.ServletTestExecutionListener.activateListener' -> true]], class annotated with @DirtiesContext [false] with mode [null].
19:36:54.954 [main] DEBUG org.springframework.core.env.StandardEnvironment - Activating profiles [test]
19:36:54.964 [main] DEBUG org.springframework.test.context.support.TestPropertySourceUtils - Adding inlined properties to environment: {spring.jmx.enabled=false, org.springframework.boot.test.context.SpringBootTestContextBootstrapper=true}

  .   ____          _            __ _ _
 /\\ / ___'_ __ _ _(_)_ __  __ _ \ \ \ \
( ( )\___ | '_ | '_| | '_ \/ _` | \ \ \ \
 \\/  ___)| |_)| | | | | || (_| |  ) ) ) )
  '  |____| .__|_| |_|_| |_\__, | / / / /
 =========|_|==============|___/=/_/_/_/
 :: Spring Boot ::        (v2.3.2.RELEASE)

2021-09-30 19:36:55.555  INFO 32004 --- [           main] c.r.s.b.C.EditUserControllerTest         : Starting EditUserControllerTest on DESKTOP-9P41NT8 with PID 32004 (started by shann in C:\Users\shann.DESKTOP-9P41NT8\Documents\sept\test\SEPT\BackEnd\loginmicroservices)
2021-09-30 19:36:55.556  INFO 32004 --- [           main] c.r.s.b.C.EditUserControllerTest         : The following profiles are active: test
2021-09-30 19:36:56.950  INFO 32004 --- [           main] .s.d.r.c.RepositoryConfigurationDelegate : Bootstrapping Spring Data JPA repositories in DEFERRED mode.
2021-09-30 19:36:57.103  INFO 32004 --- [           main] .s.d.r.c.RepositoryConfigurationDelegate : Finished Spring Data repository scanning in 138ms. Found 6 JPA repository interfaces.
2021-09-30 19:36:58.385  INFO 32004 --- [           main] trationDelegate$BeanPostProcessorChecker : Bean 'org.springframework.security.access.expression.method.DefaultMethodSecurityExpressionHandler@63f40ca0' of type [org.springframework.security.access.expression.method.DefaultMethodSecurityExpressionHandler] is not eligible for getting processed by all BeanPostProcessors (for example: not eligible for auto-proxying)
2021-09-30 19:36:58.429  INFO 32004 --- [           main] trationDelegate$BeanPostProcessorChecker : Bean 'methodSecurityMetadataSource' of type [org.springframework.security.access.method.DelegatingMethodSecurityMetadataSource] is not eligible for getting processed by all BeanPostProcessors (for example: not eligible for auto-proxying)
2021-09-30 19:36:58.614  INFO 32004 --- [           main] com.zaxxer.hikari.HikariDataSource       : HikariPool-1 - Starting...
2021-09-30 19:37:01.884  INFO 32004 --- [           main] com.zaxxer.hikari.HikariDataSource       : HikariPool-1 - Start completed.
2021-09-30 19:37:02.054  INFO 32004 --- [           main] o.s.s.concurrent.ThreadPoolTaskExecutor  : Initializing ExecutorService 'applicationTaskExecutor'
2021-09-30 19:37:02.179  INFO 32004 --- [         task-1] o.hibernate.jpa.internal.util.LogHelper  : HHH000204: Processing PersistenceUnitInfo [name: default]
2021-09-30 19:37:02.307  INFO 32004 --- [         task-1] org.hibernate.Version                    : HHH000412: Hibernate ORM core version 5.4.18.Final
2021-09-30 19:37:02.329  WARN 32004 --- [           main] JpaBaseConfiguration$JpaWebConfiguration : spring.jpa.open-in-view is enabled by default. Therefore, database queries may be performed during view rendering. Explicitly configure spring.jpa.open-in-view to disable this warning
2021-09-30 19:37:02.432  INFO 32004 --- [         task-1] o.hibernate.annotations.common.Version   : HCANN000001: Hibernate Commons Annotations {5.1.0.Final}
2021-09-30 19:37:03.199  INFO 32004 --- [         task-1] org.hibernate.dialect.Dialect            : HHH000400: Using dialect: org.hibernate.dialect.PostgreSQL10Dialect
2021-09-30 19:37:03.970  INFO 32004 --- [           main] o.s.s.web.DefaultSecurityFilterChain     : Creating filter chain: any request, [org.springframework.security.web.context.request.async.WebAsyncManagerIntegrationFilter@77f03916, org.springframework.security.web.context.SecurityContextPersistenceFilter@38a38ed4, org.springframework.security.web.header.HeaderWriterFilter@531ec2ca, org.springframework.web.filter.CorsFilter@fbbd90c, org.springframework.security.web.authentication.logout.LogoutFilter@4813d0, com.rmit.sept.bk_loginservices.security.JwtAuthenticationFilter@77a2688d, org.springframework.security.web.savedrequest.RequestCacheAwareFilter@4bbf20d1, org.springframework.security.web.servletapi.SecurityContextHolderAwareRequestFilter@2a425cf5, org.springframework.security.web.authentication.AnonymousAuthenticationFilter@21c34bf8, org.springframework.security.web.session.SessionManagementFilter@6f8ac8d5, org.springframework.security.web.access.ExceptionTranslationFilter@4fa91d5b, org.springframework.security.web.access.intercept.FilterSecurityInterceptor@459d2ee6]
2021-09-30 19:37:05.057  INFO 32004 --- [           main] DeferredRepositoryInitializationListener : Triggering deferred initialization of Spring Data repositories…
2021-09-30 19:37:20.064  INFO 32004 --- [         task-1] o.h.e.t.j.p.i.JtaPlatformInitiator       : HHH000490: Using JtaPlatform implementation: [org.hibernate.engine.transaction.jta.platform.internal.NoJtaPlatform]
2021-09-30 19:37:20.098  INFO 32004 --- [         task-1] j.LocalContainerEntityManagerFactoryBean : Initialized JPA EntityManagerFactory for persistence unit 'default'
2021-09-30 19:37:20.915  INFO 32004 --- [           main] DeferredRepositoryInitializationListener : Spring Data repositories initialized!
2021-09-30 19:37:20.929  INFO 32004 --- [           main] c.r.s.b.C.EditUserControllerTest         : Started EditUserControllerTest in 25.928 seconds (JVM running for 27.943)
2021-09-30 19:37:21.017  INFO 32004 --- [           main] o.s.mock.web.MockServletContext          : Initializing Spring TestDispatcherServlet ''
2021-09-30 19:37:21.018  INFO 32004 --- [           main] o.s.t.web.servlet.TestDispatcherServlet  : Initializing Servlet ''
2021-09-30 19:37:21.018  INFO 32004 --- [           main] o.s.t.web.servlet.TestDispatcherServlet  : Completed initialization in 0 ms

MockHttpServletRequest:
      HTTP Method = POST
      Request URI = /api/editUser/1
       Parameters = {}
          Headers = [Content-Type:"application/json", Accept:"application/json", Content-Length:"29"]
             Body = <no character encoding set>
    Session Attrs = {}

Handler:
             Type = com.rmit.sept.bk_loginservices.web.EditUserController
           Method = com.rmit.sept.bk_loginservices.web.EditUserController#updateUser(UserForm, Long)

Async:
    Async started = false
     Async result = null

Resolved Exception:
             Type = null

ModelAndView:
        View name = null
             View = null
            Model = null

FlashMap:
       Attributes = null

MockHttpServletResponse:
           Status = 409
    Error message = null
          Headers = [Vary:"Origin", "Access-Control-Request-Method", "Access-Control-Request-Headers", Content-Type:"application/json", Content-Length:"57"]
     Content type = application/json
             Body = Unable to save details, Username 'JohnDoe2' already taken
    Forwarded URL = null
   Redirected URL = null
          Cookies = []
]]></system-out>
  </testcase>
  <testcase name="testEditPasswordInvalid" classname="com.rmit.sept.bk_loginservices.Controllers.EditUserControllerTest" time="0.067">
    <failure message="expected: &lt;202&gt; but was: &lt;406&gt;" type="org.opentest4j.AssertionFailedError"><![CDATA[org.opentest4j.AssertionFailedError: expected: <202> but was: <406>
	at com.rmit.sept.bk_loginservices.Controllers.EditUserControllerTest.testEditPasswordInvalid(EditUserControllerTest.java:174)
]]></failure>
    <system-out><![CDATA[2021-09-30 19:37:21.279  INFO 32004 --- [           main] o.s.mock.web.MockServletContext          : Initializing Spring TestDispatcherServlet ''
2021-09-30 19:37:21.279  INFO 32004 --- [           main] o.s.t.web.servlet.TestDispatcherServlet  : Initializing Servlet ''
2021-09-30 19:37:21.279  INFO 32004 --- [           main] o.s.t.web.servlet.TestDispatcherServlet  : Completed initialization in 0 ms

MockHttpServletRequest:
      HTTP Method = POST
      Request URI = /api/editUser/password/1
       Parameters = {}
          Headers = [Content-Type:"application/json", Accept:"application/json", Content-Length:"32"]
             Body = <no character encoding set>
    Session Attrs = {}

Handler:
             Type = com.rmit.sept.bk_loginservices.web.EditUserController
           Method = com.rmit.sept.bk_loginservices.web.EditUserController#updateUserPassword(UserForm, Long)

Async:
    Async started = false
     Async result = null

Resolved Exception:
             Type = null

ModelAndView:
        View name = null
             View = null
            Model = null

FlashMap:
       Attributes = null

MockHttpServletResponse:
           Status = 406
    Error message = null
          Headers = [Vary:"Origin", "Access-Control-Request-Method", "Access-Control-Request-Headers", Content-Type:"application/json", Content-Length:"33"]
     Content type = application/json
             Body = Unable to update invalid password
    Forwarded URL = null
   Redirected URL = null
          Cookies = []
]]></system-out>
  </testcase>
  <testcase name="testEditPasswordSuccess" classname="com.rmit.sept.bk_loginservices.Controllers.EditUserControllerTest" time="0.015"/>
  <testcase name="testEditUserNotFound" classname="com.rmit.sept.bk_loginservices.Controllers.EditUserControllerTest" time="0.071">
    <failure message="expected: &lt;202&gt; but was: &lt;404&gt;" type="org.opentest4j.AssertionFailedError"><![CDATA[org.opentest4j.AssertionFailedError: expected: <202> but was: <404>
	at com.rmit.sept.bk_loginservices.Controllers.EditUserControllerTest.testEditUserNotFound(EditUserControllerTest.java:132)
]]></failure>
    <system-out><![CDATA[2021-09-30 19:37:21.347  INFO 32004 --- [           main] o.s.mock.web.MockServletContext          : Initializing Spring TestDispatcherServlet ''
2021-09-30 19:37:21.347  INFO 32004 --- [           main] o.s.t.web.servlet.TestDispatcherServlet  : Initializing Servlet ''
2021-09-30 19:37:21.347  INFO 32004 --- [           main] o.s.t.web.servlet.TestDispatcherServlet  : Completed initialization in 0 ms

MockHttpServletRequest:
      HTTP Method = POST
      Request URI = /api/editUser/3
       Parameters = {}
          Headers = [Content-Type:"application/json", Accept:"application/json", Content-Length:"62"]
             Body = <no character encoding set>
    Session Attrs = {}

Handler:
             Type = com.rmit.sept.bk_loginservices.web.EditUserController
           Method = com.rmit.sept.bk_loginservices.web.EditUserController#updateUser(UserForm, Long)

Async:
    Async started = false
     Async result = null

Resolved Exception:
             Type = null

ModelAndView:
        View name = null
             View = null
            Model = null

FlashMap:
       Attributes = null

MockHttpServletResponse:
           Status = 404
    Error message = null
          Headers = [Vary:"Origin", "Access-Control-Request-Method", "Access-Control-Request-Headers", Content-Type:"application/json", Content-Length:"28"]
     Content type = application/json
             Body = User with ID 3 was not found
    Forwarded URL = null
   Redirected URL = null
          Cookies = []
]]></system-out>
  </testcase>
  <testcase name="testEditUserSuccess" classname="com.rmit.sept.bk_loginservices.Controllers.EditUserControllerTest" time="0.015"/>
  <testcase name="testEditPasswordUserNotFound" classname="com.rmit.sept.bk_loginservices.Controllers.EditUserControllerTest" time="0.067">
    <failure message="expected: &lt;202&gt; but was: &lt;404&gt;" type="org.opentest4j.AssertionFailedError"><![CDATA[org.opentest4j.AssertionFailedError: expected: <202> but was: <404>
	at com.rmit.sept.bk_loginservices.Controllers.EditUserControllerTest.testEditPasswordUserNotFound(EditUserControllerTest.java:193)
]]></failure>
    <system-out><![CDATA[2021-09-30 19:37:21.413  INFO 32004 --- [           main] o.s.mock.web.MockServletContext          : Initializing Spring TestDispatcherServlet ''
2021-09-30 19:37:21.413  INFO 32004 --- [           main] o.s.t.web.servlet.TestDispatcherServlet  : Initializing Servlet ''
2021-09-30 19:37:21.414  INFO 32004 --- [           main] o.s.t.web.servlet.TestDispatcherServlet  : Completed initialization in 0 ms

MockHttpServletRequest:
      HTTP Method = POST
      Request URI = /api/editUser/3
       Parameters = {}
          Headers = [Content-Type:"application/json", Accept:"application/json", Content-Length:"32"]
             Body = <no character encoding set>
    Session Attrs = {}

Handler:
             Type = com.rmit.sept.bk_loginservices.web.EditUserController
           Method = com.rmit.sept.bk_loginservices.web.EditUserController#updateUser(UserForm, Long)

Async:
    Async started = false
     Async result = null

Resolved Exception:
             Type = null

ModelAndView:
        View name = null
             View = null
            Model = null

FlashMap:
       Attributes = null

MockHttpServletResponse:
           Status = 404
    Error message = null
          Headers = [Vary:"Origin", "Access-Control-Request-Method", "Access-Control-Request-Headers", Content-Type:"application/json", Content-Length:"28"]
     Content type = application/json
             Body = User with ID 3 was not found
    Forwarded URL = null
   Redirected URL = null
          Cookies = []
]]></system-out>
  </testcase>
</testsuite>